<?xml version="1.0" encoding="UTF-8"?>
<!-- Generated by org.testng.reporters.JUnitXMLReporter -->
<testsuite hostname="Irfan-dv6" ignored="0" name="Visually application Test" tests="1" failures="0" timestamp="10 Jan 2020 14:30:30 GMT" time="0.259" errors="0">
  <testcase name="@BeforeClass setup" time="0.233" classname="com.Visual.ly.testCases.BaseClass">
    <failure type="java.lang.IllegalStateException" message="The driver executable does not exist: C:\Users\irfan\eclipse\Selenium\Visually\.\Drivers\geckodriver.exe		">
      <![CDATA[java.lang.IllegalStateException: The driver executable does not exist: C:\Users\irfan\eclipse\Selenium\Visually\.\Drivers\geckodriver.exe
at com.google.common.base.Preconditions.checkState(Preconditions.java:585)
at org.openqa.selenium.remote.service.DriverService.checkExecutable(DriverService.java:146)
at org.openqa.selenium.remote.service.DriverService.findExecutable(DriverService.java:141)
at org.openqa.selenium.firefox.GeckoDriverService.access$100(GeckoDriverService.java:44)
at org.openqa.selenium.firefox.GeckoDriverService$Builder.findDefaultExecutable(GeckoDriverService.java:167)
at org.openqa.selenium.remote.service.DriverService$Builder.build(DriverService.java:355)
at org.openqa.selenium.firefox.FirefoxDriver.toExecutor(FirefoxDriver.java:190)
at org.openqa.selenium.firefox.FirefoxDriver.<init>(FirefoxDriver.java:147)
at org.openqa.selenium.firefox.FirefoxDriver.<init>(FirefoxDriver.java:125)
at com.Visual.ly.testCases.BaseClass.setup(BaseClass.java:45)
... Removed 26 stack frames]]>
    </failure>
  </testcase> <!-- @BeforeClass setup -->
  <testcase name="@AfterClass tearDown" time="0.0" classname="com.Visual.ly.testCases.BaseClass">
    <skipped/>
  </testcase> <!-- @AfterClass tearDown -->
  <testcase name="loginTest" time="0.0" classname="com.Visual.ly.testCases.TC_LoginTest_001">
    <skipped/>
  </testcase> <!-- loginTest -->
</testsuite> <!-- Visually application Test -->
